<?xml version="1.0" encoding="UTF-8"?>
<!-- Generated by org.testng.reporters.JUnitXMLReporter -->
<testsuite ignored="5" hostname="DESKTOP-E3FNQHB" failures="0" tests="1" name="Default test" time="4.6" errors="0" timestamp="2022-12-21T15:56:23 IST">
  <testcase classname="Api_tescase.TC001_Get_All_Employess" name="checkservertype" time="0.006"/>
  <testcase classname="Api_tescase.TC001_Get_All_Employess" name="checkcontenttype" time="0.0">
    <ignored/>
  </testcase> <!-- checkcontenttype -->
  <testcase classname="Api_tescase.TC001_Get_All_Employess" name="check_Response_time" time="0.0">
    <ignored/>
  </testcase> <!-- check_Response_time -->
  <testcase classname="Api_tescase.TC001_Get_All_Employess" name="checkstatuscode" time="0.0">
    <ignored/>
  </testcase> <!-- checkstatuscode -->
  <testcase classname="Api_tescase.TC001_Get_All_Employess" name="CheckresponesBody" time="0.0">
    <ignored/>
  </testcase> <!-- CheckresponesBody -->
  <testcase classname="Api_tescase.TC001_Get_All_Employess" name="check_statuc_line" time="0.0">
    <ignored/>
  </testcase> <!-- check_statuc_line -->
</testsuite> <!-- Default test -->
