<?xml version="1.0" encoding="UTF-8"?>
<testng-results ignored="5" total="6" passed="1" failed="0" skipped="0">
  <reporter-output>
  </reporter-output>
  <suite started-at="2022-12-21T15:56:18 IST" name="Default suite" finished-at="2022-12-21T15:56:23 IST" duration-ms="4600">
    <groups>
    </groups>
    <test started-at="2022-12-21T15:56:18 IST" name="Default test" finished-at="2022-12-21T15:56:23 IST" duration-ms="4600">
      <class name="Api_tescase.TC001_Get_All_Employess">
        <test-method is-config="true" signature="setup()[pri:0, instance:Api_tescase.TC001_Get_All_Employess@4466af20]" started-at="2022-12-21T15:56:18 IST" name="setup" finished-at="2022-12-21T15:56:18 IST" duration-ms="97" status="PASS">
          <reporter-output>
          </reporter-output>
        </test-method> <!-- setup -->
        <test-method is-config="true" signature="GetallEmployess()[pri:0, instance:Api_tescase.TC001_Get_All_Employess@4466af20]" started-at="2022-12-21T15:56:18 IST" name="GetallEmployess" finished-at="2022-12-21T15:56:23 IST" duration-ms="4459" status="PASS">
          <reporter-output>
          </reporter-output>
        </test-method> <!-- GetallEmployess -->
        <test-method signature="checkservertype()[pri:0, instance:Api_tescase.TC001_Get_All_Employess@4466af20]" started-at="2022-12-21T15:56:23 IST" name="checkservertype" finished-at="2022-12-21T15:56:23 IST" duration-ms="6" status="PASS">
          <reporter-output>
          </reporter-output>
        </test-method> <!-- checkservertype -->
      </class> <!-- Api_tescase.TC001_Get_All_Employess -->
    </test> <!-- Default test -->
  </suite> <!-- Default suite -->
</testng-results>
